[Thu Aug 15 18:58:27 UTC 2019][INFO] [Action] EE NewBook
[Thu Aug 15 18:58:39 UTC 2019][INFO] [Action] E AutoChapterGroupAction - 0
[Thu Aug 15 18:58:45 UTC 2019][INFO] [Action] E SaveBook - Save
[Thu Aug 15 19:00:05 UTC 2019][INFO] [Action] E PreviewBook - 6845
[Thu Aug 15 19:00:23 UTC 2019][INFO] [Action] E SaveBook - Save
[Thu Aug 15 19:00:23 UTC 2019][INFO] Logger Terminated
[Thu Aug 15 19:03:13 UTC 2019][INFO] [Action] EE OpenBook - Locuirea-impreuna_KC.kcb
[Thu Aug 15 19:03:18 UTC 2019][INFO] [Action] E SaveBook - SaveAs
[Thu Aug 15 19:03:22 UTC 2019][INFO] [Action] EFail SaveBook - 4
[Thu Aug 15 19:03:27 UTC 2019][INFO] [Action] E SaveBook - Save
[Thu Aug 15 19:03:35 UTC 2019][INFO] [Action] EE PackageWorkspace
[Thu Aug 15 19:03:36 UTC 2019][INFO] [Action] E SaveBook - Save
[Thu Aug 15 19:03:37 UTC 2019][INFO] Logger Terminated
[Sat Apr 25 09:18:24 UTC 2020][INFO] [Action] EE OpenBook
[Sat Apr 25 09:18:43 UTC 2020][INFO] [Action] E PreviewBook - 50155
[Sat Apr 25 09:19:57 UTC 2020][INFO] [Action] E SaveBook - Save
[Sat Apr 25 09:20:02 UTC 2020][INFO] [Action] EE PackageWorkspace
[Sat Apr 25 09:20:02 UTC 2020][INFO] [Action] EFail PackageWorkspace - 5
[Sat Apr 25 09:20:08 UTC 2020][INFO] [Action] E SaveBook - Save
[Sat Apr 25 09:20:10 UTC 2020][INFO] [Action] EE PackageWorkspace
[Sat Apr 25 09:20:10 UTC 2020][INFO] [Action] EFail PackageWorkspace - 5
[Sat Apr 25 09:20:10 UTC 2020][INFO] [Action] E SaveBook - Save
[Sat Apr 25 09:20:12 UTC 2020][INFO] Logger Terminated
[Sat Apr 25 09:20:33 UTC 2020][INFO] [Action] EE OpenBook
[Sat Apr 25 09:20:49 UTC 2020][INFO] Logger Terminated
